<?xml version="1.0" encoding="UTF-8"?>
<!-- Generated by org.testng.reporters.JUnitReportReporter -->
<testsuite hostname="LAPTOP-KDDF7SM0" name="com.way2automation.qa.testcases.UploadAndDownloadPageTest" tests="2" failures="0" timestamp="9 Jun 2022 03:14:29 GMT" time="42.048" errors="0">
  <testcase name="DownloadFileTest" time="18.263" classname="com.way2automation.qa.testcases.UploadAndDownloadPageTest"/>
  <testcase name="UploadFileTest" time="23.785" classname="com.way2automation.qa.testcases.UploadAndDownloadPageTest"/>
</testsuite> <!-- com.way2automation.qa.testcases.UploadAndDownloadPageTest -->
