<?xml version="1.0" encoding="UTF-8"?>
<!-- Generated by org.testng.reporters.JUnitReportReporter -->
<testsuite hostname="LAPTOP-KDDF7SM0" name="com.way2automation.qa.testcases.ElementsPageTest" tests="9" failures="0" timestamp="1 Jun 2022 07:27:57 GMT" time="158.895" errors="0">
  <testcase name="ClickTextBoxTabTest" time="16.327" classname="com.way2automation.qa.testcases.ElementsPageTest"/>
  <testcase name="ClickOnWebTablesTabTest" time="15.864" classname="com.way2automation.qa.testcases.ElementsPageTest"/>
  <testcase name="ClickOnLinksTabTest" time="17.106" classname="com.way2automation.qa.testcases.ElementsPageTest"/>
  <testcase name="ClickOnButtonsTabTest" time="18.126" classname="com.way2automation.qa.testcases.ElementsPageTest"/>
  <testcase name="ClickCheckBoxTabTest" time="15.216" classname="com.way2automation.qa.testcases.ElementsPageTest"/>
  <testcase name="clickOnUploadAndDownloadsTabTest" time="13.474" classname="com.way2automation.qa.testcases.ElementsPageTest"/>
  <testcase name="ClickOnRadioButtonTabTest" time="15.827" classname="com.way2automation.qa.testcases.ElementsPageTest"/>
  <testcase name="clickOnDynamicPropertiesTabTest" time="29.109" classname="com.way2automation.qa.testcases.ElementsPageTest"/>
  <testcase name="ClickOnBrokenLinksTabTest" time="17.846" classname="com.way2automation.qa.testcases.ElementsPageTest"/>
</testsuite> <!-- com.way2automation.qa.testcases.ElementsPageTest -->
