<?xml version="1.0" encoding="UTF-8"?>
<!-- Generated by org.testng.reporters.JUnitReportReporter -->
<testsuite hostname="LAPTOP-KDDF7SM0" name="com.way2automation.qa.testcases.WebTablesTest" tests="7" failures="0" timestamp="2 Jun 2022 07:40:47 GMT" time="136.951" errors="0">
  <testcase name="EnterLastNameTest" time="14.622" classname="com.way2automation.qa.testcases.WebTablesTest"/>
  <testcase name="EnterAgeTest" time="25.299" classname="com.way2automation.qa.testcases.WebTablesTest"/>
  <testcase name="EnterDepartmentNameTest" time="20.450" classname="com.way2automation.qa.testcases.WebTablesTest"/>
  <testcase name="EnterFirstNameTest" time="24.730" classname="com.way2automation.qa.testcases.WebTablesTest"/>
  <testcase name="EnterSalarytest" time="17.681" classname="com.way2automation.qa.testcases.WebTablesTest"/>
  <testcase name="EnterEmailIDTest" time="16.330" classname="com.way2automation.qa.testcases.WebTablesTest"/>
  <testcase name="ClickSubmitButtonTest" time="17.839" classname="com.way2automation.qa.testcases.WebTablesTest"/>
</testsuite> <!-- com.way2automation.qa.testcases.WebTablesTest -->
