<?xml version="1.0" encoding="UTF-8"?>
<!-- Generated by org.testng.reporters.JUnitReportReporter -->
<testsuite hostname="LAPTOP-KDDF7SM0" name="com.way2automation.qa.testcases.LoginPageTest" tests="1" failures="0" timestamp="10 Jun 2022 10:20:59 GMT" time="21.368" errors="0">
  <testcase name="ClickElementsTabTest" time="21.368" classname="com.way2automation.qa.testcases.LoginPageTest"/>
</testsuite> <!-- com.way2automation.qa.testcases.LoginPageTest -->
