<?xml version="1.0" encoding="UTF-8"?>
<!-- Generated by org.testng.reporters.JUnitReportReporter -->
<testsuite hostname="LAPTOP-KDDF7SM0" name="com.way2automation.qa.testcases.RadioButtonPageTest" tests="3" failures="0" timestamp="1 Jun 2022 14:09:44 GMT" time="45.638" errors="0">
  <testcase name="ClickNoRadiobuttonTest" time="14.267" classname="com.way2automation.qa.testcases.RadioButtonPageTest"/>
  <testcase name="ClickYesRadioButtonTest" time="15.953" classname="com.way2automation.qa.testcases.RadioButtonPageTest"/>
  <testcase name="ClickImpressiveRadiobuttonTest" time="15.418" classname="com.way2automation.qa.testcases.RadioButtonPageTest"/>
</testsuite> <!-- com.way2automation.qa.testcases.RadioButtonPageTest -->
