<?xml version="1.0" encoding="UTF-8"?>
<!-- Generated by org.testng.reporters.JUnitReportReporter -->
<testsuite hostname="LAPTOP-KDDF7SM0" name="com.way2automation.qa.testcases.TextBoxPageTest" tests="5" failures="0" timestamp="1 Jun 2022 14:09:44 GMT" time="72.863" errors="0">
  <testcase name="EnterEmailIDTest" time="14.589" classname="com.way2automation.qa.testcases.TextBoxPageTest"/>
  <testcase name="ClickSubmitButtonTest" time="14.576" classname="com.way2automation.qa.testcases.TextBoxPageTest"/>
  <testcase name="EnterCurrentAddressTest" time="13.270" classname="com.way2automation.qa.testcases.TextBoxPageTest"/>
  <testcase name="EnterFullNameTest" time="16.578" classname="com.way2automation.qa.testcases.TextBoxPageTest"/>
  <testcase name="EnterPermanentAddressTest" time="13.850" classname="com.way2automation.qa.testcases.TextBoxPageTest"/>
</testsuite> <!-- com.way2automation.qa.testcases.TextBoxPageTest -->
