<?xml version="1.0" encoding="UTF-8"?>
<!-- Generated by org.testng.reporters.JUnitReportReporter -->
<testsuite hostname="LAPTOP-KDDF7SM0" name="com.way2automation.qa.testcases.BrokenLinksPageTest" tests="3" failures="0" timestamp="4 Jun 2022 09:52:48 GMT" time="67.240" errors="0">
  <testcase name="VerifyValidImageTest" time="16.794" classname="com.way2automation.qa.testcases.BrokenLinksPageTest"/>
  <testcase name="VerifyBrokenImageTest" time="27.702" classname="com.way2automation.qa.testcases.BrokenLinksPageTest"/>
  <testcase name="verifyLinksTest" time="22.744" classname="com.way2automation.qa.testcases.BrokenLinksPageTest"/>
</testsuite> <!-- com.way2automation.qa.testcases.BrokenLinksPageTest -->
