<?xml version="1.0" encoding="UTF-8"?>
<!-- Generated by org.testng.reporters.JUnitReportReporter -->
<testsuite hostname="LAPTOP-KDDF7SM0" name="com.way2automation.qa.testdata.ExcelReaderClass" tests="1" failures="0" timestamp="9 Jun 2022 13:03:26 GMT" time="0.917" errors="0">
  <testcase name="ExcelReaderMethod" time="0.917" classname="com.way2automation.qa.testdata.ExcelReaderClass"/>
</testsuite> <!-- com.way2automation.qa.testdata.ExcelReaderClass -->
